# -*-compilation-*-
Traitement de « D:/OneDrive/OneDrive - Steve Prud'Homme/Projets/Projets MVS/GNUAccord/1_a_majeur_64_double_portee.ly »
Analyse...
D:/OneDrive/OneDrive - Steve Prud'Homme/Projets/Projets MVS/GNUAccord/1_a_majeur_64_double_portee.ly:1:2: Erreur : GUILE a signalé une erreur pour l'expression débutant ici
#
 (set-input-mode (string-append "utf-" (string-length #"é")))
D:/OneDrive/OneDrive - Steve Prud'Homme/Projets/Projets MVS/GNUAccord/1_a_majeur_64_double_portee.ly:1:2: Erreur : syntax error, unexpected EVENT_IDENTIFIER
#
 (set-input-mode (string-append "utf-" (string-length #"é")))
D:/OneDrive/OneDrive - Steve Prud'Homme/Projets/Projets MVS/GNUAccord/1_a_majeur_64_double_portee.ly:1:38: Erreur : n'est pas un symbole
#(set-input-mode (string-append "utf-
                                     " (string-length #"é")))
Erreur : Programme plus qu'obsolète : 2.18.2 (le fichier requiert 2.20.0)
D:/OneDrive/OneDrive - Steve Prud'Homme/Projets/Projets MVS/GNUAccord/1_a_majeur_64_double_portee.ly:18:9: Erreur : syntax error, unexpected UNSIGNED
      <a
        1 cis1 e1>4
D:/OneDrive/OneDrive - Steve Prud'Homme/Projets/Projets MVS/GNUAccord/1_a_majeur_64_double_portee.ly:18:18: Erreur : syntax error, unexpected >
      <a1 cis1 e1
                 >4
D:/OneDrive/OneDrive - Steve Prud'Homme/Projets/Projets MVS/GNUAccord/1_a_majeur_64_double_portee.ly:25:9: Erreur : syntax error, unexpected UNSIGNED
      <a
        1 cis1 e1>4
D:/OneDrive/OneDrive - Steve Prud'Homme/Projets/Projets MVS/GNUAccord/1_a_majeur_64_double_portee.ly:25:18: Erreur : syntax error, unexpected >
      <a1 cis1 e1
                 >4
D:/OneDrive/OneDrive - Steve Prud'Homme/Projets/Projets MVS/GNUAccord/1_a_majeur_64_double_portee.ly:10:3: Erreur : suite à des erreurs répétées, l'expression musicale sera ignorée
  
  \new PianoStaff <<
erreur fatale : erreur sur les fichiers "D:\\OneDrive\\OneDrive - Steve Prud'Homme\\Projets\\Projets MVS\\GNUAccord\\1_a_majeur_64_double_portee.ly"
